Using pre-set license
Built from '2021.2/staging' branch; Version is '2021.2.12f1 (48b1aa000234) revision 4764074'; Using compiler version '192829333'; Build Type 'Release'
OS: 'Windows 10  (10.0.19043) 64bit Core' Language: 'fr' Physical Memory: 16334 MB
BatchMode: 1, IsHumanControllingUs: 0, StartBugReporterOnCrash: 0, Is64bit: 1, IsPro: 0

COMMAND LINE ARGUMENTS:
G:\Unity Installations\2021.2.12f1\Editor\Unity.exe
-adb2
-batchMode
-noUpm
-name
AssetImportWorker2
-projectPath
G:/GitRepos/hemogame/Hemogame
-logFile
Logs/AssetImportWorker2.log
-srvPort
57460
Successfully changed project path to: G:/GitRepos/hemogame/Hemogame
G:/GitRepos/hemogame/Hemogame
[UnityMemory] Configuration Parameters - Can be set up in boot.config
    "memorysetup-bucket-allocator-granularity=16"
    "memorysetup-bucket-allocator-bucket-count=8"
    "memorysetup-bucket-allocator-block-size=33554432"
    "memorysetup-bucket-allocator-block-count=8"
    "memorysetup-main-allocator-block-size=16777216"
    "memorysetup-thread-allocator-block-size=16777216"
    "memorysetup-gfx-main-allocator-block-size=16777216"
    "memorysetup-gfx-thread-allocator-block-size=16777216"
    "memorysetup-cache-allocator-block-size=4194304"
    "memorysetup-typetree-allocator-block-size=2097152"
    "memorysetup-profiler-bucket-allocator-granularity=16"
    "memorysetup-profiler-bucket-allocator-bucket-count=8"
    "memorysetup-profiler-bucket-allocator-block-size=33554432"
    "memorysetup-profiler-bucket-allocator-block-count=8"
    "memorysetup-profiler-allocator-block-size=16777216"
    "memorysetup-profiler-editor-allocator-block-size=1048576"
    "memorysetup-temp-allocator-size-main=16777216"
    "memorysetup-job-temp-allocator-block-size=2097152"
    "memorysetup-job-temp-allocator-block-size-background=1048576"
    "memorysetup-job-temp-allocator-reduction-small-platforms=262144"
    "memorysetup-temp-allocator-size-background-worker=32768"
    "memorysetup-temp-allocator-size-job-worker=262144"
    "memorysetup-temp-allocator-size-preload-manager=33554432"
    "memorysetup-temp-allocator-size-nav-mesh-worker=65536"
    "memorysetup-temp-allocator-size-audio-worker=65536"
    "memorysetup-temp-allocator-size-cloud-worker=32768"
    "memorysetup-temp-allocator-size-gi-baking-worker=262144"
    "memorysetup-temp-allocator-size-gfx=262144"
Refreshing native plugins compatible for Editor in 82.03 ms, found 2 plugins.
Preloading 0 native plugins for Editor in 0.00 ms.
Initialize engine version: 2021.2.12f1 (48b1aa000234)
[Subsystems] Discovering subsystems at path G:/Unity Installations/2021.2.12f1/Editor/Data/Resources/UnitySubsystems
[Subsystems] Discovering subsystems at path G:/GitRepos/hemogame/Hemogame/Assets
GfxDevice: creating device client; threaded=0; jobified=0
Direct3D:
    Version:  Direct3D 11.0 [level 11.1]
    Renderer: Radeon RX Vega (ID=0x687f)
    Vendor:   ATI
    VRAM:     8119 MB
    Driver:   30.0.15002.1004
Initialize mono
Mono path[0] = 'G:/Unity Installations/2021.2.12f1/Editor/Data/Managed'
Mono path[1] = 'G:/Unity Installations/2021.2.12f1/Editor/Data/MonoBleedingEdge/lib/mono/unityjit-win32'
Mono config path = 'G:/Unity Installations/2021.2.12f1/Editor/Data/MonoBleedingEdge/etc'
Using monoOptions --debugger-agent=transport=dt_socket,embedding=1,server=y,suspend=n,address=127.0.0.1:56568
Begin MonoManager ReloadAssembly
Registering precompiled unity dll's ...
Register platform support module: G:/Unity Installations/2021.2.12f1/Editor/Data/PlaybackEngines/WebGLSupport/UnityEditor.WebGL.Extensions.dll
Register platform support module: G:/Unity Installations/2021.2.12f1/Editor/Data/PlaybackEngines/WindowsStandaloneSupport/UnityEditor.WindowsStandalone.Extensions.dll
Registered in 0.004702 seconds.
Native extension for WindowsStandalone target not found
Native extension for WebGL target not found
Refreshing native plugins compatible for Editor in 76.59 ms, found 2 plugins.
Preloading 0 native plugins for Editor in 0.00 ms.
Mono: successfully reloaded assembly
- Completed reload, in  0.800 seconds
Domain Reload Profiling:
	ReloadAssembly (800ms)
		BeginReloadAssembly (144ms)
			ExecutionOrderSort (0ms)
			DisableScriptedObjects (0ms)
			BackupInstance (0ms)
			ReleaseScriptingObjects (0ms)
			CreateAndSetChildDomain (1ms)
		EndReloadAssembly (525ms)
			LoadAssemblies (145ms)
			RebuildTransferFunctionScriptingTraits (0ms)
			SetupTypeCache (118ms)
			ReleaseScriptCaches (0ms)
			RebuildScriptCaches (32ms)
			SetupLoadedEditorAssemblies (317ms)
				LogAssemblyErrors (0ms)
				InitializePlatformSupportModulesInManaged (9ms)
				SetLoadedEditorAssemblies (0ms)
				RefreshPlugins (77ms)
				BeforeProcessingInitializeOnLoad (1ms)
				ProcessInitializeOnLoadAttributes (170ms)
				ProcessInitializeOnLoadMethodAttributes (60ms)
				AfterProcessingInitializeOnLoad (0ms)
				EditorAssembliesLoaded (0ms)
			ExecutionOrderSort2 (0ms)
			AwakeInstancesAfterBackupRestoration (0ms)
Platform modules already initialized, skipping
Registering precompiled user dll's ...
Registered in 0.007083 seconds.
Begin MonoManager ReloadAssembly
Native extension for WindowsStandalone target not found
Native extension for WebGL target not found
Refreshing native plugins compatible for Editor in 83.63 ms, found 2 plugins.
Preloading 0 native plugins for Editor in 0.00 ms.
Mono: successfully reloaded assembly
- Completed reload, in  1.957 seconds
Domain Reload Profiling:
	ReloadAssembly (1958ms)
		BeginReloadAssembly (188ms)
			ExecutionOrderSort (0ms)
			DisableScriptedObjects (8ms)
			BackupInstance (0ms)
			ReleaseScriptingObjects (0ms)
			CreateAndSetChildDomain (22ms)
		EndReloadAssembly (1637ms)
			LoadAssemblies (166ms)
			RebuildTransferFunctionScriptingTraits (0ms)
			SetupTypeCache (269ms)
			ReleaseScriptCaches (1ms)
			RebuildScriptCaches (67ms)
			SetupLoadedEditorAssemblies (1143ms)
				LogAssemblyErrors (0ms)
				InitializePlatformSupportModulesInManaged (6ms)
				SetLoadedEditorAssemblies (0ms)
				RefreshPlugins (84ms)
				BeforeProcessingInitializeOnLoad (97ms)
				ProcessInitializeOnLoadAttributes (862ms)
				ProcessInitializeOnLoadMethodAttributes (90ms)
				AfterProcessingInitializeOnLoad (4ms)
				EditorAssembliesLoaded (0ms)
			ExecutionOrderSort2 (0ms)
			AwakeInstancesAfterBackupRestoration (13ms)
Platform modules already initialized, skipping
========================================================================
Worker process is ready to serve import requests
Launched and connected shader compiler UnityShaderCompiler.exe after 0.08 seconds
Refreshing native plugins compatible for Editor in 1.06 ms, found 2 plugins.
Preloading 0 native plugins for Editor in 0.00 ms.
Unloading 3879 Unused Serialized files (Serialized files now loaded: 0)
Unloading 26 unused Assets / (432.2 KB). Loaded Objects now: 4365.
Memory consumption went from 196.5 MB to 196.0 MB.
Total: 5.278900 ms (FindLiveObjects: 0.796300 ms CreateObjectMapping: 0.235300 ms MarkObjects: 3.901700 ms  DeleteObjects: 0.344000 ms)

AssetImportParameters requested are different than current active one (requested -> active):
  custom:video-decoder-ogg-theora: a1e56fd34408186e4bbccfd4996cb3dc -> 
  custom:container-muxer-webm: aa71ff27fc2769a1b78a27578f13a17b -> 
  custom:container-demuxer-webm: 4f35f7cbe854078d1ac9338744f61a02 -> 
  custom:video-encoder-webm-vp8: eb34c28f22e8b96e1ab97ce403110664 -> 
  custom:audio-encoder-webm-vorbis: bf7c407c2cedff20999df2af8eb42d56 -> 
  custom:framework-win-MediaFoundation: 216162199b28c13a410421893ffa2e32 -> 
  custom:container-demuxer-ogg: 62fdf1f143b41e24485cea50d1cbac27 -> 
  custom:video-decoder-webm-vp8: 9c59270c3fd7afecdb556c50c9e8de78 -> 
  custom:audio-decoder-ogg-vorbis: bf7c407c2cedff20999df2af8eb42d56 -> 
========================================================================
Received Import Request.
  Time since last request: 5769.000774 seconds.
  path: Assets/Materials/Perso/Perso Camille.mat
  artifactKey: Guid(1d201358b8abaa34d90bee5b4ab3efa8) Importer(815301076,1909f56bfc062723c751e8b465ee728b)
Start importing Assets/Materials/Perso/Perso Camille.mat using Guid(1d201358b8abaa34d90bee5b4ab3efa8) Importer(815301076,1909f56bfc062723c751e8b465ee728b)  -> (artifact id: '375afbdcedc68806c327f5aca1d4540c') in 0.330537 seconds 
========================================================================
Received Import Request.
  Time since last request: 0.000026 seconds.
  path: Assets/Materials/Perso/Perso Leo 3.mat
  artifactKey: Guid(52f71ac35485a5042a12e6fd63ab3b02) Importer(815301076,1909f56bfc062723c751e8b465ee728b)
Start importing Assets/Materials/Perso/Perso Leo 3.mat using Guid(52f71ac35485a5042a12e6fd63ab3b02) Importer(815301076,1909f56bfc062723c751e8b465ee728b)  -> (artifact id: '30bb3ae2d9f9fbd6e77185fbb1ab5a19') in 0.015265 seconds 
========================================================================
Received Import Request.
  Time since last request: 0.000032 seconds.
  path: Assets/Materials/VertCerceau.mat
  artifactKey: Guid(e40b3ac23d940b14e991281f9f4e9ba0) Importer(815301076,1909f56bfc062723c751e8b465ee728b)
Start importing Assets/Materials/VertCerceau.mat using Guid(e40b3ac23d940b14e991281f9f4e9ba0) Importer(815301076,1909f56bfc062723c751e8b465ee728b)  -> (artifact id: '37f36054bdce8cf557b3e72cbcbdcc58') in 0.036656 seconds 
========================================================================
Received Import Request.
  Time since last request: 0.000020 seconds.
  path: Assets/Scripts/SequenceSVT/Dissection/TextureFleur1NB.mat
  artifactKey: Guid(d4a3bca580b87e140b8dcefb28c2e215) Importer(815301076,1909f56bfc062723c751e8b465ee728b)
Start importing Assets/Scripts/SequenceSVT/Dissection/TextureFleur1NB.mat using Guid(d4a3bca580b87e140b8dcefb28c2e215) Importer(815301076,1909f56bfc062723c751e8b465ee728b)  -> (artifact id: '933a2d376ce42ee163d83e1daa19522c') in 0.014542 seconds 
========================================================================
Received Import Request.
  Time since last request: 0.000024 seconds.
  path: Assets/Models/DemoHemoGame.blend
  artifactKey: Guid(bb805179cd14e694eac0081094b9cd6b) Importer(815301076,1909f56bfc062723c751e8b465ee728b)
Start importing Assets/Models/DemoHemoGame.blend using Guid(bb805179cd14e694eac0081094b9cd6b) Importer(815301076,1909f56bfc062723c751e8b465ee728b)  -> (artifact id: '6197f35263effc35512e2b3f46972fa4') in 0.226181 seconds 
========================================================================
Received Import Request.
  Time since last request: 0.000029 seconds.
  path: Assets/Models/Gradin.fbx
  artifactKey: Guid(c416348092d53a24ea232fa71e45405d) Importer(815301076,1909f56bfc062723c751e8b465ee728b)
Start importing Assets/Models/Gradin.fbx using Guid(c416348092d53a24ea232fa71e45405d) Importer(815301076,1909f56bfc062723c751e8b465ee728b)  -> (artifact id: 'e84b8cf33b13c2e5ec46600262ab0309') in 0.055251 seconds 
========================================================================
Received Import Request.
  Time since last request: 0.000041 seconds.
  path: Assets/Models/panier_basket.fbx
  artifactKey: Guid(2b934959dc8441a408a3aea731c1ce5f) Importer(815301076,1909f56bfc062723c751e8b465ee728b)
Start importing Assets/Models/panier_basket.fbx using Guid(2b934959dc8441a408a3aea731c1ce5f) Importer(815301076,1909f56bfc062723c751e8b465ee728b)  -> (artifact id: 'afd05b09ca4c0d774c6334a36934fece') in 0.045954 seconds 
========================================================================
Received Import Request.
  Time since last request: 0.000029 seconds.
  path: Assets/Scripts/SequenceSVT/Dissection/Cahier.fbx
  artifactKey: Guid(5492016e677cab447abe8eddaf7efb14) Importer(815301076,1909f56bfc062723c751e8b465ee728b)
Start importing Assets/Scripts/SequenceSVT/Dissection/Cahier.fbx using Guid(5492016e677cab447abe8eddaf7efb14) Importer(815301076,1909f56bfc062723c751e8b465ee728b)  -> (artifact id: 'bc3de6d077f80d12f70113fba45b65dd') in 0.072113 seconds 
========================================================================
Received Import Request.
  Time since last request: 0.000025 seconds.
  path: Assets/Models/poutre.fbx
  artifactKey: Guid(8ff002ee0ad35f34684e0a991e87bbda) Importer(815301076,1909f56bfc062723c751e8b465ee728b)
Start importing Assets/Models/poutre.fbx using Guid(8ff002ee0ad35f34684e0a991e87bbda) Importer(815301076,1909f56bfc062723c751e8b465ee728b)  -> (artifact id: 'c1721c26cb7b39cef97885493a4acbe9') in 0.035527 seconds 
========================================================================
Received Import Request.
  Time since last request: 0.000028 seconds.
  path: Assets/Materials/Proj.mat
  artifactKey: Guid(64fbe52d1f66a4d40952d110b72353f9) Importer(815301076,1909f56bfc062723c751e8b465ee728b)
Start importing Assets/Materials/Proj.mat using Guid(64fbe52d1f66a4d40952d110b72353f9) Importer(815301076,1909f56bfc062723c751e8b465ee728b)  -> (artifact id: '458fb6c140ce0e19ecd34f737fc6e599') in 0.028907 seconds 
========================================================================
Received Import Request.
  Time since last request: 0.000032 seconds.
  path: Assets/Models/persoRun.fbx
  artifactKey: Guid(c065eba95e0440b4bad774093dd99f40) Importer(815301076,1909f56bfc062723c751e8b465ee728b)
Start importing Assets/Models/persoRun.fbx using Guid(c065eba95e0440b4bad774093dd99f40) Importer(815301076,1909f56bfc062723c751e8b465ee728b)  -> (artifact id: '1efad2e8d6a234389c6b9c42f0913067') in 0.048471 seconds 
========================================================================
Received Import Request.
  Time since last request: 0.000032 seconds.
  path: Assets/Materials/Red_BlackOutline.mat
  artifactKey: Guid(feb111d020dedc84c9c076981dbf13f5) Importer(815301076,1909f56bfc062723c751e8b465ee728b)
Start importing Assets/Materials/Red_BlackOutline.mat using Guid(feb111d020dedc84c9c076981dbf13f5) Importer(815301076,1909f56bfc062723c751e8b465ee728b)  -> (artifact id: '872a61957e92f18d81af4fb683b066fc') in 0.836999 seconds 
========================================================================
Received Import Request.
  Time since last request: 304.353341 seconds.
  path: Assets/Models/Table.fbx
  artifactKey: Guid(0421d32462cc17b459d48e194e18d53e) Importer(815301076,1909f56bfc062723c751e8b465ee728b)
Start importing Assets/Models/Table.fbx using Guid(0421d32462cc17b459d48e194e18d53e) Importer(815301076,1909f56bfc062723c751e8b465ee728b)  -> (artifact id: '1985dae82141bf72b9de473d35fd572c') in 0.032651 seconds 
========================================================================
Received Import Request.
  Time since last request: 0.000029 seconds.
  path: Assets/Models/Chaise.fbx
  artifactKey: Guid(4a7fd8ae93ce59044a4dda1ed9093736) Importer(815301076,1909f56bfc062723c751e8b465ee728b)
Start importing Assets/Models/Chaise.fbx using Guid(4a7fd8ae93ce59044a4dda1ed9093736) Importer(815301076,1909f56bfc062723c751e8b465ee728b)  -> (artifact id: '7ac1dd5d825176c858bedaf335fc7b2c') in 0.027333 seconds 
========================================================================
Received Import Request.
  Time since last request: 0.000038 seconds.
  path: Assets/Models/cerceau_casse (1).fbx
  artifactKey: Guid(1a4a6155932b8dd4680210c7706962c4) Importer(815301076,1909f56bfc062723c751e8b465ee728b)
Start importing Assets/Models/cerceau_casse (1).fbx using Guid(1a4a6155932b8dd4680210c7706962c4) Importer(815301076,1909f56bfc062723c751e8b465ee728b)  -> (artifact id: 'd49c48a7d9a497ae28dc1a7ba101afb4') in 0.025873 seconds 
========================================================================
Received Import Request.
  Time since last request: 0.000032 seconds.
  path: Assets/Models/cerceau_casse.fbx
  artifactKey: Guid(f6e644b97c850b24d8fe41f7eea5f587) Importer(815301076,1909f56bfc062723c751e8b465ee728b)
Start importing Assets/Models/cerceau_casse.fbx using Guid(f6e644b97c850b24d8fe41f7eea5f587) Importer(815301076,1909f56bfc062723c751e8b465ee728b)  -> (artifact id: '40ca4ee17342fbcdb2b589097ad5cf46') in 0.025015 seconds 
========================================================================
Received Import Request.
  Time since last request: 0.000023 seconds.
  path: Assets/Models/Perso.fbx
  artifactKey: Guid(4ad7091da1f525341af142d1e7ae4b16) Importer(815301076,1909f56bfc062723c751e8b465ee728b)
Start importing Assets/Models/Perso.fbx using Guid(4ad7091da1f525341af142d1e7ae4b16) Importer(815301076,1909f56bfc062723c751e8b465ee728b)  -> (artifact id: '3c907085624ce289cc0e668a58ae0cee') in 0.035943 seconds 
========================================================================
Received Import Request.
  Time since last request: 2.863184 seconds.
  path: Assets/Models/Tatami.fbx
  artifactKey: Guid(4c4eb54335089e74e9d52daa468f6880) Importer(815301076,1909f56bfc062723c751e8b465ee728b)
Start importing Assets/Models/Tatami.fbx using Guid(4c4eb54335089e74e9d52daa468f6880) Importer(815301076,1909f56bfc062723c751e8b465ee728b)  -> (artifact id: '4adba5ba511154f589a04288d7487737') in 0.035665 seconds 
========================================================================
Received Import Request.
  Time since last request: 0.000032 seconds.
  path: Assets/Models/SVT/Chaise_SVT.fbx
  artifactKey: Guid(1572f88233c9f7947a7f52559e8850bc) Importer(815301076,1909f56bfc062723c751e8b465ee728b)
Start importing Assets/Models/SVT/Chaise_SVT.fbx using Guid(1572f88233c9f7947a7f52559e8850bc) Importer(815301076,1909f56bfc062723c751e8b465ee728b)  -> (artifact id: 'b367d1c3b67ebdbfd3b4d3e1994771df') in 0.032091 seconds 
========================================================================
Received Import Request.
  Time since last request: 0.074707 seconds.
  path: Assets/TextMesh Pro/Fonts/LiberationSans.ttf
  artifactKey: Guid(e3265ab4bf004d28a9537516768c1c75) Importer(815301076,1909f56bfc062723c751e8b465ee728b)
Start importing Assets/TextMesh Pro/Fonts/LiberationSans.ttf using Guid(e3265ab4bf004d28a9537516768c1c75) Importer(815301076,1909f56bfc062723c751e8b465ee728b)  -> (artifact id: '423929467c1c5d96d74351906335c6c6') in 0.041512 seconds 
========================================================================
Received Import Request.
  Time since last request: 0.000034 seconds.
  path: Assets/Materials/chasubleCol4.mat
  artifactKey: Guid(963f471f82224a645845aaaaf34de898) Importer(815301076,1909f56bfc062723c751e8b465ee728b)
Start importing Assets/Materials/chasubleCol4.mat using Guid(963f471f82224a645845aaaaf34de898) Importer(815301076,1909f56bfc062723c751e8b465ee728b)  -> (artifact id: 'cbf24ed76abe661f5a27267f609fded4') in 0.015029 seconds 
========================================================================
Received Import Request.
  Time since last request: 0.000024 seconds.
  path: Assets/Fonts/VarelaRound-Regular.ttf
  artifactKey: Guid(84ee7a3e54204e049a76e8d5654f877e) Importer(815301076,1909f56bfc062723c751e8b465ee728b)
Start importing Assets/Fonts/VarelaRound-Regular.ttf using Guid(84ee7a3e54204e049a76e8d5654f877e) Importer(815301076,1909f56bfc062723c751e8b465ee728b)  -> (artifact id: '93823f0efefeb65a6a3bbee8bc9206ad') in 0.017546 seconds 
========================================================================
Received Import Request.
  Time since last request: 0.000022 seconds.
  path: Assets/TextMesh Pro/Examples & Extras/Fonts/Oswald-Bold.ttf
  artifactKey: Guid(c9f6d0e7bc8541498c9a4799ba184ede) Importer(815301076,1909f56bfc062723c751e8b465ee728b)
Start importing Assets/TextMesh Pro/Examples & Extras/Fonts/Oswald-Bold.ttf using Guid(c9f6d0e7bc8541498c9a4799ba184ede) Importer(815301076,1909f56bfc062723c751e8b465ee728b)  -> (artifact id: 'c147b4561fb4e1b6c171ca83236793a8') in 0.016133 seconds 
========================================================================
Received Import Request.
  Time since last request: 0.000023 seconds.
  path: Assets/Materials/JauneCerceau.mat
  artifactKey: Guid(d20ddb23c2f234943a962450479851e6) Importer(815301076,1909f56bfc062723c751e8b465ee728b)
Start importing Assets/Materials/JauneCerceau.mat using Guid(d20ddb23c2f234943a962450479851e6) Importer(815301076,1909f56bfc062723c751e8b465ee728b)  -> (artifact id: 'fc75d5437724fd87bb114155a45397d3') in 0.012622 seconds 
========================================================================
Received Import Request.
  Time since last request: 0.000025 seconds.
  path: Assets/Materials/chasubleCol1.mat
  artifactKey: Guid(110a307d4abcc7c49910e02a72ec001b) Importer(815301076,1909f56bfc062723c751e8b465ee728b)
Start importing Assets/Materials/chasubleCol1.mat using Guid(110a307d4abcc7c49910e02a72ec001b) Importer(815301076,1909f56bfc062723c751e8b465ee728b)  -> (artifact id: 'e7cabe3eb82e7b7a32eeb820a3cd49c3') in 0.014014 seconds 
========================================================================
Received Import Request.
  Time since last request: 0.000062 seconds.
  path: Assets/Fonts/MADE Tommy Soft Regular Outline PERSONAL USE.otf
  artifactKey: Guid(695768145d735dc45bbc6f1aa5214822) Importer(815301076,1909f56bfc062723c751e8b465ee728b)
Start importing Assets/Fonts/MADE Tommy Soft Regular Outline PERSONAL USE.otf using Guid(695768145d735dc45bbc6f1aa5214822) Importer(815301076,1909f56bfc062723c751e8b465ee728b)  -> (artifact id: 'a36e105efbe9a253aa001e0d7e09ee38') in 0.018574 seconds 
========================================================================
Received Import Request.
  Time since last request: 0.000030 seconds.
  path: Assets/Materials/BleuTapis.mat
  artifactKey: Guid(c434808ab4c692543b3458b9ab1fabb0) Importer(815301076,1909f56bfc062723c751e8b465ee728b)
Start importing Assets/Materials/BleuTapis.mat using Guid(c434808ab4c692543b3458b9ab1fabb0) Importer(815301076,1909f56bfc062723c751e8b465ee728b)  -> (artifact id: '4be9f13c60b7a0951f441304fb5b5fe3') in 0.015719 seconds 
========================================================================
Received Import Request.
  Time since last request: 0.000034 seconds.
  path: Assets/Materials/chasubleCol3.mat
  artifactKey: Guid(ea643f0ea5156004295a24cad79afcd1) Importer(815301076,1909f56bfc062723c751e8b465ee728b)
Start importing Assets/Materials/chasubleCol3.mat using Guid(ea643f0ea5156004295a24cad79afcd1) Importer(815301076,1909f56bfc062723c751e8b465ee728b)  -> (artifact id: 'edd5ee6a60a0e6b8771efd82067309ba') in 0.011173 seconds 
========================================================================
Received Import Request.
  Time since last request: 0.000024 seconds.
  path: Assets/Materials/Armoire.mat
  artifactKey: Guid(67f4d25980f2c2d45807515c87c163cf) Importer(815301076,1909f56bfc062723c751e8b465ee728b)
Start importing Assets/Materials/Armoire.mat using Guid(67f4d25980f2c2d45807515c87c163cf) Importer(815301076,1909f56bfc062723c751e8b465ee728b)  -> (artifact id: 'a9d1a5d225b8fb9b4fd38a21e0fd468d') in 0.018697 seconds 
========================================================================
Received Import Request.
  Time since last request: 0.000023 seconds.
  path: Assets/TextMesh Pro/Examples & Extras/Materials/Crate - Surface Shader Scene.mat
  artifactKey: Guid(e6b9b44320f4448d9d5e0ee634259966) Importer(815301076,1909f56bfc062723c751e8b465ee728b)
Start importing Assets/TextMesh Pro/Examples & Extras/Materials/Crate - Surface Shader Scene.mat using Guid(e6b9b44320f4448d9d5e0ee634259966) Importer(815301076,1909f56bfc062723c751e8b465ee728b)  -> (artifact id: 'beb5dcb0bd05673f68542337564ccf42') in 0.018590 seconds 
========================================================================
Received Import Request.
  Time since last request: 0.000025 seconds.
  path: Assets/Scripts/SequenceSVT/Dissection/Fleur2v2.mat
  artifactKey: Guid(ed353c6c89006654d956a069cc76dbc8) Importer(815301076,1909f56bfc062723c751e8b465ee728b)
Start importing Assets/Scripts/SequenceSVT/Dissection/Fleur2v2.mat using Guid(ed353c6c89006654d956a069cc76dbc8) Importer(815301076,1909f56bfc062723c751e8b465ee728b)  -> (artifact id: 'b58de25b830556c59b73714660ae080f') in 0.013750 seconds 
========================================================================
Received Import Request.
  Time since last request: 0.000029 seconds.
  path: Assets/TextMesh Pro/Examples & Extras/Resources/Fonts & Materials/Bangers SDF Glow.mat
  artifactKey: Guid(d75b8f41e959450c84ac6e967084d3e1) Importer(815301076,1909f56bfc062723c751e8b465ee728b)
Start importing Assets/TextMesh Pro/Examples & Extras/Resources/Fonts & Materials/Bangers SDF Glow.mat using Guid(d75b8f41e959450c84ac6e967084d3e1) Importer(815301076,1909f56bfc062723c751e8b465ee728b)  -> (artifact id: '8a5e1cbdb28d5cdd7086d8eaf055baa9') in 0.017274 seconds 
========================================================================
Received Import Request.
  Time since last request: 0.000023 seconds.
  path: Assets/Materials/chasubleCol2.mat
  artifactKey: Guid(1f945052870cdab44a587d95ecf231d8) Importer(815301076,1909f56bfc062723c751e8b465ee728b)
Start importing Assets/Materials/chasubleCol2.mat using Guid(1f945052870cdab44a587d95ecf231d8) Importer(815301076,1909f56bfc062723c751e8b465ee728b)  -> (artifact id: '2850792969c99638d2575e184a6044e4') in 0.011592 seconds 
========================================================================
Received Import Request.
  Time since last request: 0.000034 seconds.
  path: Assets/Materials/Marquage.mat
  artifactKey: Guid(279c6986dd5f6fe4cbd8aa7a9c207608) Importer(815301076,1909f56bfc062723c751e8b465ee728b)
Start importing Assets/Materials/Marquage.mat using Guid(279c6986dd5f6fe4cbd8aa7a9c207608) Importer(815301076,1909f56bfc062723c751e8b465ee728b)  -> (artifact id: '1744e7e62c961f4def8427e9479ffad2') in 0.014588 seconds 
========================================================================
Received Import Request.
  Time since last request: 0.000041 seconds.
  path: Assets/TextMesh Pro/Examples & Extras/Fonts/Bangers.ttf
  artifactKey: Guid(5dd49b3eacc540408c98eee0de38e0f1) Importer(815301076,1909f56bfc062723c751e8b465ee728b)
Start importing Assets/TextMesh Pro/Examples & Extras/Fonts/Bangers.ttf using Guid(5dd49b3eacc540408c98eee0de38e0f1) Importer(815301076,1909f56bfc062723c751e8b465ee728b)  -> (artifact id: '30ed8b42c2ad016924164891b688a301') in 0.015755 seconds 
========================================================================
Received Import Request.
  Time since last request: 0.000043 seconds.
  path: Assets/Scripts/SequenceSVT/Dissection/Ciseaux.fbx
  artifactKey: Guid(85791b203f90f1d4d8c70563e8016848) Importer(815301076,1909f56bfc062723c751e8b465ee728b)
Start importing Assets/Scripts/SequenceSVT/Dissection/Ciseaux.fbx using Guid(85791b203f90f1d4d8c70563e8016848) Importer(815301076,1909f56bfc062723c751e8b465ee728b)  -> (artifact id: 'dce8b06d880890a4b04ef6d51bc3bd5c') in 0.026188 seconds 
========================================================================
Received Import Request.
  Time since last request: 0.000037 seconds.
  path: Assets/TextMesh Pro/Examples & Extras/Resources/Fonts & Materials/LiberationSans SDF - Metalic Green.mat
  artifactKey: Guid(8b29aaa3eec7468097ff07adfcf29ac9) Importer(815301076,1909f56bfc062723c751e8b465ee728b)
Start importing Assets/TextMesh Pro/Examples & Extras/Resources/Fonts & Materials/LiberationSans SDF - Metalic Green.mat using Guid(8b29aaa3eec7468097ff07adfcf29ac9) Importer(815301076,1909f56bfc062723c751e8b465ee728b)  -> (artifact id: '5b2eba600365f58a1f97974266a816f3') in 0.038234 seconds 
========================================================================
Received Import Request.
  Time since last request: 0.000024 seconds.
  path: Assets/TextMesh Pro/Examples & Extras/Resources/Fonts & Materials/LiberationSans SDF - Soft Mask.mat
  artifactKey: Guid(42df1c7856584b6b8db9a509b6b10074) Importer(815301076,1909f56bfc062723c751e8b465ee728b)
Start importing Assets/TextMesh Pro/Examples & Extras/Resources/Fonts & Materials/LiberationSans SDF - Soft Mask.mat using Guid(42df1c7856584b6b8db9a509b6b10074) Importer(815301076,1909f56bfc062723c751e8b465ee728b)  -> (artifact id: '3a6d0e546ef1183cfd33fc183f47f407') in 0.031381 seconds 
========================================================================
Received Prepare
Registering precompiled user dll's ...
Registered in 0.006580 seconds.
Begin MonoManager ReloadAssembly
Native extension for WindowsStandalone target not found
Native extension for WebGL target not found
Refreshing native plugins compatible for Editor in 0.99 ms, found 2 plugins.
Preloading 0 native plugins for Editor in 0.00 ms.
Mono: successfully reloaded assembly
- Completed reload, in  1.420 seconds
Domain Reload Profiling:
	ReloadAssembly (1421ms)
		BeginReloadAssembly (201ms)
			ExecutionOrderSort (0ms)
			DisableScriptedObjects (8ms)
			BackupInstance (0ms)
			ReleaseScriptingObjects (0ms)
			CreateAndSetChildDomain (43ms)
		EndReloadAssembly (1117ms)
			LoadAssemblies (153ms)
			RebuildTransferFunctionScriptingTraits (0ms)
			SetupTypeCache (272ms)
			ReleaseScriptCaches (2ms)
			RebuildScriptCaches (60ms)
			SetupLoadedEditorAssemblies (564ms)
				LogAssemblyErrors (0ms)
				InitializePlatformSupportModulesInManaged (15ms)
				SetLoadedEditorAssemblies (1ms)
				RefreshPlugins (1ms)
				BeforeProcessingInitializeOnLoad (72ms)
				ProcessInitializeOnLoadAttributes (386ms)
				ProcessInitializeOnLoadMethodAttributes (85ms)
				AfterProcessingInitializeOnLoad (4ms)
				EditorAssembliesLoaded (0ms)
			ExecutionOrderSort2 (0ms)
			AwakeInstancesAfterBackupRestoration (26ms)
Platform modules already initialized, skipping
Refreshing native plugins compatible for Editor in 2.65 ms, found 2 plugins.
Preloading 0 native plugins for Editor in 0.00 ms.
Unloading 3728 Unused Serialized files (Serialized files now loaded: 0)
Unloading 19 unused Assets / (401.2 KB). Loaded Objects now: 4465.
Memory consumption went from 207.2 MB to 206.8 MB.
Total: 4.764600 ms (FindLiveObjects: 0.379200 ms CreateObjectMapping: 0.094200 ms MarkObjects: 3.840700 ms  DeleteObjects: 0.448700 ms)

AssetImportParameters requested are different than current active one (requested -> active):
  custom:video-decoder-ogg-theora: a1e56fd34408186e4bbccfd4996cb3dc -> 
  custom:container-muxer-webm: aa71ff27fc2769a1b78a27578f13a17b -> 
  custom:container-demuxer-webm: 4f35f7cbe854078d1ac9338744f61a02 -> 
  custom:video-encoder-webm-vp8: eb34c28f22e8b96e1ab97ce403110664 -> 
  custom:audio-encoder-webm-vorbis: bf7c407c2cedff20999df2af8eb42d56 -> 
  custom:framework-win-MediaFoundation: 216162199b28c13a410421893ffa2e32 -> 
  custom:container-demuxer-ogg: 62fdf1f143b41e24485cea50d1cbac27 -> 
  custom:video-decoder-webm-vp8: 9c59270c3fd7afecdb556c50c9e8de78 -> 
  custom:audio-decoder-ogg-vorbis: bf7c407c2cedff20999df2af8eb42d56 -> 
========================================================================
Received Prepare
Registering precompiled user dll's ...
Registered in 0.006312 seconds.
Begin MonoManager ReloadAssembly
Native extension for WindowsStandalone target not found
Native extension for WebGL target not found
Refreshing native plugins compatible for Editor in 0.69 ms, found 2 plugins.
Preloading 0 native plugins for Editor in 0.00 ms.
Mono: successfully reloaded assembly
- Completed reload, in  1.464 seconds
Domain Reload Profiling:
	ReloadAssembly (1465ms)
		BeginReloadAssembly (206ms)
			ExecutionOrderSort (0ms)
			DisableScriptedObjects (6ms)
			BackupInstance (0ms)
			ReleaseScriptingObjects (0ms)
			CreateAndSetChildDomain (43ms)
		EndReloadAssembly (1144ms)
			LoadAssemblies (145ms)
			RebuildTransferFunctionScriptingTraits (0ms)
			SetupTypeCache (267ms)
			ReleaseScriptCaches (2ms)
			RebuildScriptCaches (60ms)
			SetupLoadedEditorAssemblies (599ms)
				LogAssemblyErrors (0ms)
				InitializePlatformSupportModulesInManaged (14ms)
				SetLoadedEditorAssemblies (1ms)
				RefreshPlugins (1ms)
				BeforeProcessingInitializeOnLoad (70ms)
				ProcessInitializeOnLoadAttributes (422ms)
				ProcessInitializeOnLoadMethodAttributes (87ms)
				AfterProcessingInitializeOnLoad (4ms)
				EditorAssembliesLoaded (0ms)
			ExecutionOrderSort2 (0ms)
			AwakeInstancesAfterBackupRestoration (29ms)
Platform modules already initialized, skipping
Refreshing native plugins compatible for Editor in 1.98 ms, found 2 plugins.
Preloading 0 native plugins for Editor in 0.00 ms.
Unloading 3726 Unused Serialized files (Serialized files now loaded: 0)
Unloading 19 unused Assets / (409.2 KB). Loaded Objects now: 4469.
Memory consumption went from 206.9 MB to 206.5 MB.
Total: 5.816900 ms (FindLiveObjects: 0.336100 ms CreateObjectMapping: 0.092500 ms MarkObjects: 4.634300 ms  DeleteObjects: 0.374900 ms)

AssetImportParameters requested are different than current active one (requested -> active):
  custom:video-decoder-ogg-theora: a1e56fd34408186e4bbccfd4996cb3dc -> 
  custom:container-muxer-webm: aa71ff27fc2769a1b78a27578f13a17b -> 
  custom:container-demuxer-webm: 4f35f7cbe854078d1ac9338744f61a02 -> 
  custom:video-encoder-webm-vp8: eb34c28f22e8b96e1ab97ce403110664 -> 
  custom:audio-encoder-webm-vorbis: bf7c407c2cedff20999df2af8eb42d56 -> 
  custom:framework-win-MediaFoundation: 216162199b28c13a410421893ffa2e32 -> 
  custom:container-demuxer-ogg: 62fdf1f143b41e24485cea50d1cbac27 -> 
  custom:video-decoder-webm-vp8: 9c59270c3fd7afecdb556c50c9e8de78 -> 
  custom:audio-decoder-ogg-vorbis: bf7c407c2cedff20999df2af8eb42d56 -> 
========================================================================
Received Prepare
Registering precompiled user dll's ...
Registered in 0.006005 seconds.
Begin MonoManager ReloadAssembly
Native extension for WindowsStandalone target not found
Native extension for WebGL target not found
Refreshing native plugins compatible for Editor in 1.12 ms, found 2 plugins.
Preloading 0 native plugins for Editor in 0.00 ms.
Mono: successfully reloaded assembly
- Completed reload, in  1.406 seconds
Domain Reload Profiling:
	ReloadAssembly (1407ms)
		BeginReloadAssembly (200ms)
			ExecutionOrderSort (0ms)
			DisableScriptedObjects (7ms)
			BackupInstance (0ms)
			ReleaseScriptingObjects (0ms)
			CreateAndSetChildDomain (41ms)
		EndReloadAssembly (1078ms)
			LoadAssemblies (150ms)
			RebuildTransferFunctionScriptingTraits (0ms)
			SetupTypeCache (245ms)
			ReleaseScriptCaches (2ms)
			RebuildScriptCaches (55ms)
			SetupLoadedEditorAssemblies (579ms)
				LogAssemblyErrors (0ms)
				InitializePlatformSupportModulesInManaged (15ms)
				SetLoadedEditorAssemblies (1ms)
				RefreshPlugins (1ms)
				BeforeProcessingInitializeOnLoad (75ms)
				ProcessInitializeOnLoadAttributes (391ms)
				ProcessInitializeOnLoadMethodAttributes (91ms)
				AfterProcessingInitializeOnLoad (5ms)
				EditorAssembliesLoaded (0ms)
			ExecutionOrderSort2 (0ms)
			AwakeInstancesAfterBackupRestoration (25ms)
Platform modules already initialized, skipping
Refreshing native plugins compatible for Editor in 2.18 ms, found 2 plugins.
Preloading 0 native plugins for Editor in 0.00 ms.
Unloading 3726 Unused Serialized files (Serialized files now loaded: 0)
Unloading 19 unused Assets / (417.1 KB). Loaded Objects now: 4473.
Memory consumption went from 207.0 MB to 206.6 MB.
Total: 5.369000 ms (FindLiveObjects: 0.357800 ms CreateObjectMapping: 0.094800 ms MarkObjects: 4.567200 ms  DeleteObjects: 0.347800 ms)

AssetImportParameters requested are different than current active one (requested -> active):
  custom:video-decoder-ogg-theora: a1e56fd34408186e4bbccfd4996cb3dc -> 
  custom:container-muxer-webm: aa71ff27fc2769a1b78a27578f13a17b -> 
  custom:container-demuxer-webm: 4f35f7cbe854078d1ac9338744f61a02 -> 
  custom:video-encoder-webm-vp8: eb34c28f22e8b96e1ab97ce403110664 -> 
  custom:audio-encoder-webm-vorbis: bf7c407c2cedff20999df2af8eb42d56 -> 
  custom:framework-win-MediaFoundation: 216162199b28c13a410421893ffa2e32 -> 
  custom:container-demuxer-ogg: 62fdf1f143b41e24485cea50d1cbac27 -> 
  custom:video-decoder-webm-vp8: 9c59270c3fd7afecdb556c50c9e8de78 -> 
  custom:audio-decoder-ogg-vorbis: bf7c407c2cedff20999df2af8eb42d56 -> 
========================================================================
Received Prepare
Registering precompiled user dll's ...
Registered in 0.006324 seconds.
Begin MonoManager ReloadAssembly
Native extension for WindowsStandalone target not found
Native extension for WebGL target not found
Refreshing native plugins compatible for Editor in 1.41 ms, found 2 plugins.
Preloading 0 native plugins for Editor in 0.00 ms.
Mono: successfully reloaded assembly
- Completed reload, in  2.995 seconds
Domain Reload Profiling:
	ReloadAssembly (2997ms)
		BeginReloadAssembly (1060ms)
			ExecutionOrderSort (0ms)
			DisableScriptedObjects (20ms)
			BackupInstance (0ms)
			ReleaseScriptingObjects (0ms)
			CreateAndSetChildDomain (330ms)
		EndReloadAssembly (1759ms)
			LoadAssemblies (602ms)
			RebuildTransferFunctionScriptingTraits (0ms)
			SetupTypeCache (465ms)
			ReleaseScriptCaches (2ms)
			RebuildScriptCaches (70ms)
			SetupLoadedEditorAssemblies (951ms)
				LogAssemblyErrors (0ms)
				InitializePlatformSupportModulesInManaged (21ms)
				SetLoadedEditorAssemblies (3ms)
				RefreshPlugins (2ms)
				BeforeProcessingInitializeOnLoad (90ms)
				ProcessInitializeOnLoadAttributes (734ms)
				ProcessInitializeOnLoadMethodAttributes (98ms)
				AfterProcessingInitializeOnLoad (4ms)
				EditorAssembliesLoaded (0ms)
			ExecutionOrderSort2 (0ms)
			AwakeInstancesAfterBackupRestoration (28ms)
Platform modules already initialized, skipping
Refreshing native plugins compatible for Editor in 3.76 ms, found 2 plugins.
Preloading 0 native plugins for Editor in 0.00 ms.
Unloading 3726 Unused Serialized files (Serialized files now loaded: 0)
Unloading 19 unused Assets / (409.1 KB). Loaded Objects now: 4477.
Memory consumption went from 207.1 MB to 206.7 MB.
Total: 6.591500 ms (FindLiveObjects: 0.421000 ms CreateObjectMapping: 0.135600 ms MarkObjects: 5.377000 ms  DeleteObjects: 0.656100 ms)

AssetImportParameters requested are different than current active one (requested -> active):
  custom:video-decoder-ogg-theora: a1e56fd34408186e4bbccfd4996cb3dc -> 
  custom:container-muxer-webm: aa71ff27fc2769a1b78a27578f13a17b -> 
  custom:container-demuxer-webm: 4f35f7cbe854078d1ac9338744f61a02 -> 
  custom:video-encoder-webm-vp8: eb34c28f22e8b96e1ab97ce403110664 -> 
  custom:audio-encoder-webm-vorbis: bf7c407c2cedff20999df2af8eb42d56 -> 
  custom:framework-win-MediaFoundation: 216162199b28c13a410421893ffa2e32 -> 
  custom:container-demuxer-ogg: 62fdf1f143b41e24485cea50d1cbac27 -> 
  custom:video-decoder-webm-vp8: 9c59270c3fd7afecdb556c50c9e8de78 -> 
  custom:audio-decoder-ogg-vorbis: bf7c407c2cedff20999df2af8eb42d56 -> 
========================================================================
Received Prepare
Registering precompiled user dll's ...
Registered in 0.006263 seconds.
Begin MonoManager ReloadAssembly
Native extension for WindowsStandalone target not found
Native extension for WebGL target not found
Refreshing native plugins compatible for Editor in 0.79 ms, found 2 plugins.
Preloading 0 native plugins for Editor in 0.00 ms.
Mono: successfully reloaded assembly
- Completed reload, in  1.305 seconds
Domain Reload Profiling:
	ReloadAssembly (1305ms)
		BeginReloadAssembly (186ms)
			ExecutionOrderSort (0ms)
			DisableScriptedObjects (6ms)
			BackupInstance (0ms)
			ReleaseScriptingObjects (0ms)
			CreateAndSetChildDomain (36ms)
		EndReloadAssembly (1016ms)
			LoadAssemblies (147ms)
			RebuildTransferFunctionScriptingTraits (0ms)
			SetupTypeCache (228ms)
			ReleaseScriptCaches (2ms)
			RebuildScriptCaches (51ms)
			SetupLoadedEditorAssemblies (539ms)
				LogAssemblyErrors (0ms)
				InitializePlatformSupportModulesInManaged (13ms)
				SetLoadedEditorAssemblies (1ms)
				RefreshPlugins (1ms)
				BeforeProcessingInitializeOnLoad (67ms)
				ProcessInitializeOnLoadAttributes (376ms)
				ProcessInitializeOnLoadMethodAttributes (78ms)
				AfterProcessingInitializeOnLoad (4ms)
				EditorAssembliesLoaded (0ms)
			ExecutionOrderSort2 (0ms)
			AwakeInstancesAfterBackupRestoration (25ms)
Platform modules already initialized, skipping
Refreshing native plugins compatible for Editor in 3.35 ms, found 2 plugins.
Preloading 0 native plugins for Editor in 0.00 ms.
Unloading 3726 Unused Serialized files (Serialized files now loaded: 0)
Unloading 19 unused Assets / (401.2 KB). Loaded Objects now: 4481.
Memory consumption went from 207.1 MB to 206.7 MB.
Total: 4.799500 ms (FindLiveObjects: 0.355700 ms CreateObjectMapping: 0.091300 ms MarkObjects: 3.967600 ms  DeleteObjects: 0.383500 ms)

AssetImportParameters requested are different than current active one (requested -> active):
  custom:video-decoder-ogg-theora: a1e56fd34408186e4bbccfd4996cb3dc -> 
  custom:container-muxer-webm: aa71ff27fc2769a1b78a27578f13a17b -> 
  custom:container-demuxer-webm: 4f35f7cbe854078d1ac9338744f61a02 -> 
  custom:video-encoder-webm-vp8: eb34c28f22e8b96e1ab97ce403110664 -> 
  custom:audio-encoder-webm-vorbis: bf7c407c2cedff20999df2af8eb42d56 -> 
  custom:framework-win-MediaFoundation: 216162199b28c13a410421893ffa2e32 -> 
  custom:container-demuxer-ogg: 62fdf1f143b41e24485cea50d1cbac27 -> 
  custom:video-decoder-webm-vp8: 9c59270c3fd7afecdb556c50c9e8de78 -> 
  custom:audio-decoder-ogg-vorbis: bf7c407c2cedff20999df2af8eb42d56 -> 
========================================================================
Received Prepare
Registering precompiled user dll's ...
Registered in 0.006626 seconds.
Begin MonoManager ReloadAssembly
Native extension for WindowsStandalone target not found
Native extension for WebGL target not found
Refreshing native plugins compatible for Editor in 0.74 ms, found 2 plugins.
Preloading 0 native plugins for Editor in 0.00 ms.
Mono: successfully reloaded assembly
- Completed reload, in  1.340 seconds
Domain Reload Profiling:
	ReloadAssembly (1341ms)
		BeginReloadAssembly (189ms)
			ExecutionOrderSort (0ms)
			DisableScriptedObjects (7ms)
			BackupInstance (0ms)
			ReleaseScriptingObjects (0ms)
			CreateAndSetChildDomain (35ms)
		EndReloadAssembly (1047ms)
			LoadAssemblies (148ms)
			RebuildTransferFunctionScriptingTraits (0ms)
			SetupTypeCache (242ms)
			ReleaseScriptCaches (2ms)
			RebuildScriptCaches (47ms)
			SetupLoadedEditorAssemblies (539ms)
				LogAssemblyErrors (0ms)
				InitializePlatformSupportModulesInManaged (16ms)
				SetLoadedEditorAssemblies (1ms)
				RefreshPlugins (1ms)
				BeforeProcessingInitializeOnLoad (68ms)
				ProcessInitializeOnLoadAttributes (369ms)
				ProcessInitializeOnLoadMethodAttributes (82ms)
				AfterProcessingInitializeOnLoad (4ms)
				EditorAssembliesLoaded (0ms)
			ExecutionOrderSort2 (0ms)
			AwakeInstancesAfterBackupRestoration (29ms)
Platform modules already initialized, skipping
Refreshing native plugins compatible for Editor in 2.48 ms, found 2 plugins.
Preloading 0 native plugins for Editor in 0.00 ms.
Unloading 3726 Unused Serialized files (Serialized files now loaded: 0)
Unloading 19 unused Assets / (424.9 KB). Loaded Objects now: 4485.
Memory consumption went from 207.1 MB to 206.7 MB.
Total: 6.089200 ms (FindLiveObjects: 0.519100 ms CreateObjectMapping: 0.230300 ms MarkObjects: 4.899700 ms  DeleteObjects: 0.438500 ms)

AssetImportParameters requested are different than current active one (requested -> active):
  custom:video-decoder-ogg-theora: a1e56fd34408186e4bbccfd4996cb3dc -> 
  custom:container-muxer-webm: aa71ff27fc2769a1b78a27578f13a17b -> 
  custom:container-demuxer-webm: 4f35f7cbe854078d1ac9338744f61a02 -> 
  custom:video-encoder-webm-vp8: eb34c28f22e8b96e1ab97ce403110664 -> 
  custom:audio-encoder-webm-vorbis: bf7c407c2cedff20999df2af8eb42d56 -> 
  custom:framework-win-MediaFoundation: 216162199b28c13a410421893ffa2e32 -> 
  custom:container-demuxer-ogg: 62fdf1f143b41e24485cea50d1cbac27 -> 
  custom:video-decoder-webm-vp8: 9c59270c3fd7afecdb556c50c9e8de78 -> 
  custom:audio-decoder-ogg-vorbis: bf7c407c2cedff20999df2af8eb42d56 -> 
========================================================================
Received Prepare
Refreshing native plugins compatible for Editor in 4.86 ms, found 2 plugins.
Preloading 0 native plugins for Editor in 0.00 ms.
Unloading 19 Unused Serialized files (Serialized files now loaded: 0)
Unloading 19 unused Assets / (398.8 KB). Loaded Objects now: 4485.
Memory consumption went from 131.8 MB to 131.4 MB.
Total: 6.126600 ms (FindLiveObjects: 0.441100 ms CreateObjectMapping: 0.192300 ms MarkObjects: 5.075600 ms  DeleteObjects: 0.416600 ms)

AssetImportParameters requested are different than current active one (requested -> active):
  custom:video-decoder-ogg-theora: a1e56fd34408186e4bbccfd4996cb3dc -> 
  custom:container-muxer-webm: aa71ff27fc2769a1b78a27578f13a17b -> 
  custom:container-demuxer-webm: 4f35f7cbe854078d1ac9338744f61a02 -> 
  custom:video-encoder-webm-vp8: eb34c28f22e8b96e1ab97ce403110664 -> 
  custom:audio-encoder-webm-vorbis: bf7c407c2cedff20999df2af8eb42d56 -> 
  custom:framework-win-MediaFoundation: 216162199b28c13a410421893ffa2e32 -> 
  custom:container-demuxer-ogg: 62fdf1f143b41e24485cea50d1cbac27 -> 
  custom:video-decoder-webm-vp8: 9c59270c3fd7afecdb556c50c9e8de78 -> 
  custom:audio-decoder-ogg-vorbis: bf7c407c2cedff20999df2af8eb42d56 -> 
========================================================================
Received Import Request.
  Time since last request: 10114.586288 seconds.
  path: Assets/TomJauge.asset
  artifactKey: Guid(5c595b382ecf1f44d9ac00ab948aca0d) Importer(815301076,1909f56bfc062723c751e8b465ee728b)
Start importing Assets/TomJauge.asset using Guid(5c595b382ecf1f44d9ac00ab948aca0d) Importer(815301076,1909f56bfc062723c751e8b465ee728b)  -> (artifact id: 'ba63ee405b1f3bfe376ae18f3b9b09c9') in 0.022298 seconds 
========================================================================
Received Prepare
Refreshing native plugins compatible for Editor in 5.48 ms, found 2 plugins.
Preloading 0 native plugins for Editor in 0.00 ms.
Unloading 19 Unused Serialized files (Serialized files now loaded: 0)
Unloading 19 unused Assets / (399.0 KB). Loaded Objects now: 4485.
Memory consumption went from 131.8 MB to 131.4 MB.
Total: 4.901000 ms (FindLiveObjects: 0.328000 ms CreateObjectMapping: 0.096100 ms MarkObjects: 4.121700 ms  DeleteObjects: 0.353900 ms)

AssetImportParameters requested are different than current active one (requested -> active):
  custom:video-decoder-ogg-theora: a1e56fd34408186e4bbccfd4996cb3dc -> 
  custom:container-muxer-webm: aa71ff27fc2769a1b78a27578f13a17b -> 
  custom:container-demuxer-webm: 4f35f7cbe854078d1ac9338744f61a02 -> 
  custom:video-encoder-webm-vp8: eb34c28f22e8b96e1ab97ce403110664 -> 
  custom:audio-encoder-webm-vorbis: bf7c407c2cedff20999df2af8eb42d56 -> 
  custom:framework-win-MediaFoundation: 216162199b28c13a410421893ffa2e32 -> 
  custom:container-demuxer-ogg: 62fdf1f143b41e24485cea50d1cbac27 -> 
  custom:video-decoder-webm-vp8: 9c59270c3fd7afecdb556c50c9e8de78 -> 
  custom:audio-decoder-ogg-vorbis: bf7c407c2cedff20999df2af8eb42d56 -> 
========================================================================
Received Prepare
Refreshing native plugins compatible for Editor in 5.03 ms, found 2 plugins.
Preloading 0 native plugins for Editor in 0.00 ms.
Unloading 19 Unused Serialized files (Serialized files now loaded: 0)
Unloading 19 unused Assets / (398.9 KB). Loaded Objects now: 4485.
Memory consumption went from 131.8 MB to 131.4 MB.
Total: 4.930900 ms (FindLiveObjects: 0.382400 ms CreateObjectMapping: 0.094800 ms MarkObjects: 4.089000 ms  DeleteObjects: 0.363700 ms)

AssetImportParameters requested are different than current active one (requested -> active):
  custom:video-decoder-ogg-theora: a1e56fd34408186e4bbccfd4996cb3dc -> 
  custom:container-muxer-webm: aa71ff27fc2769a1b78a27578f13a17b -> 
  custom:container-demuxer-webm: 4f35f7cbe854078d1ac9338744f61a02 -> 
  custom:video-encoder-webm-vp8: eb34c28f22e8b96e1ab97ce403110664 -> 
  custom:audio-encoder-webm-vorbis: bf7c407c2cedff20999df2af8eb42d56 -> 
  custom:framework-win-MediaFoundation: 216162199b28c13a410421893ffa2e32 -> 
  custom:container-demuxer-ogg: 62fdf1f143b41e24485cea50d1cbac27 -> 
  custom:video-decoder-webm-vp8: 9c59270c3fd7afecdb556c50c9e8de78 -> 
  custom:audio-decoder-ogg-vorbis: bf7c407c2cedff20999df2af8eb42d56 -> 
========================================================================
Received Import Request.
  Time since last request: 1689.857193 seconds.
  path: Assets/Scenes/New Lighting Settings.lighting
  artifactKey: Guid(c53976814c5549449809efec988c0290) Importer(815301076,1909f56bfc062723c751e8b465ee728b)
Start importing Assets/Scenes/New Lighting Settings.lighting using Guid(c53976814c5549449809efec988c0290) Importer(815301076,1909f56bfc062723c751e8b465ee728b)  -> (artifact id: '46d4b4d50a0edfdf305dea2762d22fdd') in 0.007392 seconds 
========================================================================
Received Import Request.
  Time since last request: 104.769840 seconds.
  path: Assets/URP/New Universal Render Pipeline Asset.asset
  artifactKey: Guid(45687be06c3ade04faedba515a239589) Importer(815301076,1909f56bfc062723c751e8b465ee728b)
Start importing Assets/URP/New Universal Render Pipeline Asset.asset using Guid(45687be06c3ade04faedba515a239589) Importer(815301076,1909f56bfc062723c751e8b465ee728b)  -> (artifact id: 'f70b5390b679b727833d7b59009fa802') in 0.003689 seconds 
========================================================================
Received Import Request.
  Time since last request: 187.670803 seconds.
  path: Assets/URP/New Universal Render Pipeline Asset.asset
  artifactKey: Guid(45687be06c3ade04faedba515a239589) Importer(815301076,1909f56bfc062723c751e8b465ee728b)
Start importing Assets/URP/New Universal Render Pipeline Asset.asset using Guid(45687be06c3ade04faedba515a239589) Importer(815301076,1909f56bfc062723c751e8b465ee728b)  -> (artifact id: '00518d36549e59223020d94d19c63ca9') in 0.003435 seconds 
========================================================================
Received Prepare
Registering precompiled user dll's ...
Registered in 0.006290 seconds.
Begin MonoManager ReloadAssembly
Native extension for WindowsStandalone target not found
Native extension for WebGL target not found
Refreshing native plugins compatible for Editor in 0.76 ms, found 2 plugins.
Preloading 0 native plugins for Editor in 0.00 ms.
Mono: successfully reloaded assembly
- Completed reload, in  1.428 seconds
Domain Reload Profiling:
	ReloadAssembly (1429ms)
		BeginReloadAssembly (232ms)
			ExecutionOrderSort (0ms)
			DisableScriptedObjects (8ms)
			BackupInstance (0ms)
			ReleaseScriptingObjects (0ms)
			CreateAndSetChildDomain (53ms)
		EndReloadAssembly (1080ms)
			LoadAssemblies (162ms)
			RebuildTransferFunctionScriptingTraits (0ms)
			SetupTypeCache (257ms)
			ReleaseScriptCaches (2ms)
			RebuildScriptCaches (52ms)
			SetupLoadedEditorAssemblies (572ms)
				LogAssemblyErrors (0ms)
				InitializePlatformSupportModulesInManaged (14ms)
				SetLoadedEditorAssemblies (1ms)
				RefreshPlugins (1ms)
				BeforeProcessingInitializeOnLoad (69ms)
				ProcessInitializeOnLoadAttributes (395ms)
				ProcessInitializeOnLoadMethodAttributes (87ms)
				AfterProcessingInitializeOnLoad (6ms)
				EditorAssembliesLoaded (0ms)
			ExecutionOrderSort2 (0ms)
			AwakeInstancesAfterBackupRestoration (27ms)
Platform modules already initialized, skipping
Refreshing native plugins compatible for Editor in 2.44 ms, found 2 plugins.
Preloading 0 native plugins for Editor in 0.00 ms.
Unloading 3727 Unused Serialized files (Serialized files now loaded: 0)
Unloading 20 unused Assets / (393.4 KB). Loaded Objects now: 4489.
Memory consumption went from 207.1 MB to 206.7 MB.
Total: 6.079900 ms (FindLiveObjects: 0.429800 ms CreateObjectMapping: 0.110200 ms MarkObjects: 4.762800 ms  DeleteObjects: 0.775000 ms)

AssetImportParameters requested are different than current active one (requested -> active):
  custom:video-decoder-ogg-theora: a1e56fd34408186e4bbccfd4996cb3dc -> 
  custom:container-muxer-webm: aa71ff27fc2769a1b78a27578f13a17b -> 
  custom:container-demuxer-webm: 4f35f7cbe854078d1ac9338744f61a02 -> 
  custom:video-encoder-webm-vp8: eb34c28f22e8b96e1ab97ce403110664 -> 
  custom:audio-encoder-webm-vorbis: bf7c407c2cedff20999df2af8eb42d56 -> 
  custom:framework-win-MediaFoundation: 216162199b28c13a410421893ffa2e32 -> 
  custom:container-demuxer-ogg: 62fdf1f143b41e24485cea50d1cbac27 -> 
  custom:video-decoder-webm-vp8: 9c59270c3fd7afecdb556c50c9e8de78 -> 
  custom:audio-decoder-ogg-vorbis: bf7c407c2cedff20999df2af8eb42d56 -> 
========================================================================
Received Import Request.
  Time since last request: 94.066720 seconds.
  path: Assets/URP/New Universal Render Pipeline Asset.asset
  artifactKey: Guid(45687be06c3ade04faedba515a239589) Importer(815301076,1909f56bfc062723c751e8b465ee728b)
Start importing Assets/URP/New Universal Render Pipeline Asset.asset using Guid(45687be06c3ade04faedba515a239589) Importer(815301076,1909f56bfc062723c751e8b465ee728b)  -> (artifact id: '141b61c0e8865a3e5c1e3b65ccf87a87') in 0.015314 seconds 
========================================================================
Received Prepare
Registering precompiled user dll's ...
Registered in 0.007455 seconds.
Begin MonoManager ReloadAssembly
Native extension for WindowsStandalone target not found
Native extension for WebGL target not found
Refreshing native plugins compatible for Editor in 0.79 ms, found 2 plugins.
Preloading 0 native plugins for Editor in 0.00 ms.
Mono: successfully reloaded assembly
- Completed reload, in  1.361 seconds
Domain Reload Profiling:
	ReloadAssembly (1362ms)
		BeginReloadAssembly (204ms)
			ExecutionOrderSort (0ms)
			DisableScriptedObjects (7ms)
			BackupInstance (0ms)
			ReleaseScriptingObjects (0ms)
			CreateAndSetChildDomain (37ms)
		EndReloadAssembly (1051ms)
			LoadAssemblies (161ms)
			RebuildTransferFunctionScriptingTraits (0ms)
			SetupTypeCache (255ms)
			ReleaseScriptCaches (2ms)
			RebuildScriptCaches (51ms)
			SetupLoadedEditorAssemblies (540ms)
				LogAssemblyErrors (0ms)
				InitializePlatformSupportModulesInManaged (15ms)
				SetLoadedEditorAssemblies (1ms)
				RefreshPlugins (1ms)
				BeforeProcessingInitializeOnLoad (65ms)
				ProcessInitializeOnLoadAttributes (373ms)
				ProcessInitializeOnLoadMethodAttributes (82ms)
				AfterProcessingInitializeOnLoad (4ms)
				EditorAssembliesLoaded (0ms)
			ExecutionOrderSort2 (0ms)
			AwakeInstancesAfterBackupRestoration (25ms)
Platform modules already initialized, skipping
Refreshing native plugins compatible for Editor in 2.34 ms, found 2 plugins.
Preloading 0 native plugins for Editor in 0.00 ms.
Unloading 3727 Unused Serialized files (Serialized files now loaded: 0)
Unloading 20 unused Assets / (401.4 KB). Loaded Objects now: 4493.
Memory consumption went from 207.1 MB to 206.8 MB.
Total: 7.514200 ms (FindLiveObjects: 0.353700 ms CreateObjectMapping: 0.091500 ms MarkObjects: 6.090100 ms  DeleteObjects: 0.976800 ms)

AssetImportParameters requested are different than current active one (requested -> active):
  custom:video-decoder-ogg-theora: a1e56fd34408186e4bbccfd4996cb3dc -> 
  custom:container-muxer-webm: aa71ff27fc2769a1b78a27578f13a17b -> 
  custom:container-demuxer-webm: 4f35f7cbe854078d1ac9338744f61a02 -> 
  custom:video-encoder-webm-vp8: eb34c28f22e8b96e1ab97ce403110664 -> 
  custom:audio-encoder-webm-vorbis: bf7c407c2cedff20999df2af8eb42d56 -> 
  custom:framework-win-MediaFoundation: 216162199b28c13a410421893ffa2e32 -> 
  custom:container-demuxer-ogg: 62fdf1f143b41e24485cea50d1cbac27 -> 
  custom:video-decoder-webm-vp8: 9c59270c3fd7afecdb556c50c9e8de78 -> 
  custom:audio-decoder-ogg-vorbis: bf7c407c2cedff20999df2af8eb42d56 -> 
========================================================================
Received Import Request.
  Time since last request: 83.219969 seconds.
  path: Assets/URP/New Universal Render Pipeline Asset 1.asset
  artifactKey: Guid(88d57941c8fa6fa41a719fcc0b903e0a) Importer(815301076,1909f56bfc062723c751e8b465ee728b)
Start importing Assets/URP/New Universal Render Pipeline Asset 1.asset using Guid(88d57941c8fa6fa41a719fcc0b903e0a) Importer(815301076,1909f56bfc062723c751e8b465ee728b)  -> (artifact id: '343d0074aaa59a6a8cd7d2032ae5e12a') in 0.016348 seconds 
========================================================================
Received Import Request.
  Time since last request: 6.737990 seconds.
  path: Assets/URP/HighNew Universal Render Pipeline Asset 1.asset
  artifactKey: Guid(88d57941c8fa6fa41a719fcc0b903e0a) Importer(815301076,1909f56bfc062723c751e8b465ee728b)
Start importing Assets/URP/HighNew Universal Render Pipeline Asset 1.asset using Guid(88d57941c8fa6fa41a719fcc0b903e0a) Importer(815301076,1909f56bfc062723c751e8b465ee728b)  -> (artifact id: 'a3c066639ceda464e93fe69e484426d9') in 0.002694 seconds 
========================================================================
Received Import Request.
  Time since last request: 8.624617 seconds.
  path: Assets/Scenes/Recreation/LightingData.asset
  artifactKey: Guid(800cd9ca479a55849a0a82507675d219) Importer(815301076,1909f56bfc062723c751e8b465ee728b)
Start importing Assets/Scenes/Recreation/LightingData.asset using Guid(800cd9ca479a55849a0a82507675d219) Importer(815301076,1909f56bfc062723c751e8b465ee728b)  -> (artifact id: 'aedee60e327306db09ef48b63d6180a4') in 0.004851 seconds 
========================================================================
Received Import Request.
  Time since last request: 0.001077 seconds.
  path: Assets/Scenes/Recreation/Lightmap-1_comp_light.exr
  artifactKey: Guid(29f1cbe415533594d8783e6df3a033ec) Importer(815301076,1909f56bfc062723c751e8b465ee728b)
Start importing Assets/Scenes/Recreation/Lightmap-1_comp_light.exr using Guid(29f1cbe415533594d8783e6df3a033ec) Importer(815301076,1909f56bfc062723c751e8b465ee728b)  -> (artifact id: '1f4098b1c11903d7340b4c5a6a4ee8e6') in 0.055865 seconds 
========================================================================
Received Import Request.
  Time since last request: 0.000023 seconds.
  path: Assets/Scenes/Recreation/Lightmap-10_comp_dir.png
  artifactKey: Guid(1baf1069048ada24db33d4d65466f6c1) Importer(815301076,1909f56bfc062723c751e8b465ee728b)
Start importing Assets/Scenes/Recreation/Lightmap-10_comp_dir.png using Guid(1baf1069048ada24db33d4d65466f6c1) Importer(815301076,1909f56bfc062723c751e8b465ee728b)  -> (artifact id: 'c72fcd97e158c1e69116be8bfcf8b8a8') in 0.018560 seconds 
========================================================================
Received Import Request.
  Time since last request: 0.000033 seconds.
  path: Assets/Scenes/Recreation/Lightmap-14_comp_light.exr
  artifactKey: Guid(4068ab6b0e229fb47806a484c1986aad) Importer(815301076,1909f56bfc062723c751e8b465ee728b)
Start importing Assets/Scenes/Recreation/Lightmap-14_comp_light.exr using Guid(4068ab6b0e229fb47806a484c1986aad) Importer(815301076,1909f56bfc062723c751e8b465ee728b)  -> (artifact id: 'f24724421d3f682ec41b8d0267ba1cf5') in 0.013150 seconds 
========================================================================
Received Import Request.
  Time since last request: 0.000025 seconds.
  path: Assets/Scenes/Recreation/Lightmap-30_comp_dir.png
  artifactKey: Guid(99cbc90d82958aa429a672143bc8d103) Importer(815301076,1909f56bfc062723c751e8b465ee728b)
Start importing Assets/Scenes/Recreation/Lightmap-30_comp_dir.png using Guid(99cbc90d82958aa429a672143bc8d103) Importer(815301076,1909f56bfc062723c751e8b465ee728b)  -> (artifact id: 'b53b77e57e58d6b997bd5b235b76dfc3') in 0.012227 seconds 
========================================================================
Received Import Request.
  Time since last request: 0.000039 seconds.
  path: Assets/Scenes/Recreation/Lightmap-23_comp_light.exr
  artifactKey: Guid(305f7836cafe79c49a6338bcb06a30f5) Importer(815301076,1909f56bfc062723c751e8b465ee728b)
Start importing Assets/Scenes/Recreation/Lightmap-23_comp_light.exr using Guid(305f7836cafe79c49a6338bcb06a30f5) Importer(815301076,1909f56bfc062723c751e8b465ee728b)  -> (artifact id: 'eef3b463711d255d8b64be19f7135964') in 0.011843 seconds 
========================================================================
Received Import Request.
  Time since last request: 0.000023 seconds.
  path: Assets/Scenes/Recreation/Lightmap-19_comp_dir.png
  artifactKey: Guid(a6582f90706ca154fb88925428a17222) Importer(815301076,1909f56bfc062723c751e8b465ee728b)
Start importing Assets/Scenes/Recreation/Lightmap-19_comp_dir.png using Guid(a6582f90706ca154fb88925428a17222) Importer(815301076,1909f56bfc062723c751e8b465ee728b)  -> (artifact id: '4d3399ed9f83c7b0ae643621b66cefe7') in 0.012334 seconds 
========================================================================
Received Import Request.
  Time since last request: 0.000032 seconds.
  path: Assets/Scenes/Recreation/Lightmap-6_comp_light.exr
  artifactKey: Guid(b8852c917f2e6cf45b57f7f47f7600c4) Importer(815301076,1909f56bfc062723c751e8b465ee728b)
Start importing Assets/Scenes/Recreation/Lightmap-6_comp_light.exr using Guid(b8852c917f2e6cf45b57f7f47f7600c4) Importer(815301076,1909f56bfc062723c751e8b465ee728b)  -> (artifact id: 'c0fbfa0cb2a9936d921191cf0b722d30') in 0.013434 seconds 
========================================================================
Received Import Request.
  Time since last request: 0.000041 seconds.
  path: Assets/Scenes/Recreation/Lightmap-25_comp_dir.png
  artifactKey: Guid(c064cb4ef33f7af47ac2c46a64f09475) Importer(815301076,1909f56bfc062723c751e8b465ee728b)
Start importing Assets/Scenes/Recreation/Lightmap-25_comp_dir.png using Guid(c064cb4ef33f7af47ac2c46a64f09475) Importer(815301076,1909f56bfc062723c751e8b465ee728b)  -> (artifact id: '472f0bccd1314738a9a8f41ba39c54c3') in 0.011571 seconds 
========================================================================
Received Import Request.
  Time since last request: 0.000022 seconds.
  path: Assets/Scenes/Recreation/Lightmap-18_comp_dir.png
  artifactKey: Guid(f7e5e06987d88d44a827496e50139a95) Importer(815301076,1909f56bfc062723c751e8b465ee728b)
Start importing Assets/Scenes/Recreation/Lightmap-18_comp_dir.png using Guid(f7e5e06987d88d44a827496e50139a95) Importer(815301076,1909f56bfc062723c751e8b465ee728b)  -> (artifact id: 'bac78b4a7bdc66314c301a3cf1514dd7') in 0.011320 seconds 
========================================================================
Received Import Request.
  Time since last request: 0.000026 seconds.
  path: Assets/Scenes/Recreation/Lightmap-15_comp_light.exr
  artifactKey: Guid(7795e0e9668c83e4a8045305896a53e2) Importer(815301076,1909f56bfc062723c751e8b465ee728b)
Start importing Assets/Scenes/Recreation/Lightmap-15_comp_light.exr using Guid(7795e0e9668c83e4a8045305896a53e2) Importer(815301076,1909f56bfc062723c751e8b465ee728b)  -> (artifact id: 'e329ff076f50a4cdc5b4d8390f42bbce') in 0.011125 seconds 
========================================================================
Received Import Request.
  Time since last request: 0.000079 seconds.
  path: Assets/Scenes/Recreation/Lightmap-24_comp_light.exr
  artifactKey: Guid(4dc67bb03cdb9e048a414f9ee897abe8) Importer(815301076,1909f56bfc062723c751e8b465ee728b)
Start importing Assets/Scenes/Recreation/Lightmap-24_comp_light.exr using Guid(4dc67bb03cdb9e048a414f9ee897abe8) Importer(815301076,1909f56bfc062723c751e8b465ee728b)  -> (artifact id: '2c66d745caa26691c43ad67ed770e579') in 0.014087 seconds 
========================================================================
Received Import Request.
  Time since last request: 0.000029 seconds.
  path: Assets/Scenes/Recreation/Lightmap-26_comp_light.exr
  artifactKey: Guid(c36c82b3781622d41be2bb463e37b0d1) Importer(815301076,1909f56bfc062723c751e8b465ee728b)
Start importing Assets/Scenes/Recreation/Lightmap-26_comp_light.exr using Guid(c36c82b3781622d41be2bb463e37b0d1) Importer(815301076,1909f56bfc062723c751e8b465ee728b)  -> (artifact id: 'b57031ca29928c0a7ee18b0a698a65a7') in 0.013527 seconds 
========================================================================
Received Import Request.
  Time since last request: 0.000024 seconds.
  path: Assets/Scenes/Recreation/Lightmap-6_comp_dir.png
  artifactKey: Guid(7f69df132a2d5c741a5c2a8dc50da62c) Importer(815301076,1909f56bfc062723c751e8b465ee728b)
Start importing Assets/Scenes/Recreation/Lightmap-6_comp_dir.png using Guid(7f69df132a2d5c741a5c2a8dc50da62c) Importer(815301076,1909f56bfc062723c751e8b465ee728b)  -> (artifact id: 'c66b16f1e9bad368aca37f93107fdf08') in 0.011807 seconds 
========================================================================
Received Import Request.
  Time since last request: 0.000030 seconds.
  path: Assets/Scenes/Recreation/Lightmap-13_comp_light.exr
  artifactKey: Guid(2b404ddda332a0545960c98b30299c96) Importer(815301076,1909f56bfc062723c751e8b465ee728b)
Start importing Assets/Scenes/Recreation/Lightmap-13_comp_light.exr using Guid(2b404ddda332a0545960c98b30299c96) Importer(815301076,1909f56bfc062723c751e8b465ee728b)  -> (artifact id: '66ee8feb5b0064f80941e031a6570aa3') in 0.009631 seconds 
========================================================================
Received Import Request.
  Time since last request: 0.000037 seconds.
  path: Assets/Scenes/Recreation/Lightmap-8_comp_dir.png
  artifactKey: Guid(eaae0e8a49b273f4b831c5d182fe804b) Importer(815301076,1909f56bfc062723c751e8b465ee728b)
Start importing Assets/Scenes/Recreation/Lightmap-8_comp_dir.png using Guid(eaae0e8a49b273f4b831c5d182fe804b) Importer(815301076,1909f56bfc062723c751e8b465ee728b)  -> (artifact id: '268e40400e5160cfc20bc6720bb050aa') in 0.011417 seconds 
========================================================================
Received Import Request.
  Time since last request: 0.000027 seconds.
  path: Assets/Scenes/Recreation/Lightmap-9_comp_dir.png
  artifactKey: Guid(94a83c4425daa3b449aa9c790ef7480e) Importer(815301076,1909f56bfc062723c751e8b465ee728b)
Start importing Assets/Scenes/Recreation/Lightmap-9_comp_dir.png using Guid(94a83c4425daa3b449aa9c790ef7480e) Importer(815301076,1909f56bfc062723c751e8b465ee728b)  -> (artifact id: '2015c6196c0ceea3f45ad17e8bfea58a') in 0.011211 seconds 
========================================================================
Received Import Request.
  Time since last request: 0.000024 seconds.
  path: Assets/Scenes/Recreation/Lightmap-32_comp_dir.png
  artifactKey: Guid(3ad2267cf143ddd43926bb3c6d9218e1) Importer(815301076,1909f56bfc062723c751e8b465ee728b)
Start importing Assets/Scenes/Recreation/Lightmap-32_comp_dir.png using Guid(3ad2267cf143ddd43926bb3c6d9218e1) Importer(815301076,1909f56bfc062723c751e8b465ee728b)  -> (artifact id: '35d7c387e6a4318164134c84808707d3') in 0.011494 seconds 
========================================================================
Received Import Request.
  Time since last request: 0.000033 seconds.
  path: Assets/Scenes/Recreation/Lightmap-18_comp_light.exr
  artifactKey: Guid(d933a267bb743894485cddb88741accc) Importer(815301076,1909f56bfc062723c751e8b465ee728b)
Start importing Assets/Scenes/Recreation/Lightmap-18_comp_light.exr using Guid(d933a267bb743894485cddb88741accc) Importer(815301076,1909f56bfc062723c751e8b465ee728b)  -> (artifact id: 'fa6ccda6442ada02748652c9b2a6400f') in 0.011875 seconds 
========================================================================
Received Import Request.
  Time since last request: 0.000030 seconds.
  path: Assets/Scenes/Recreation/Lightmap-20_comp_light.exr
  artifactKey: Guid(a1fe035eb695abe4b9fc0acc4d43e15d) Importer(815301076,1909f56bfc062723c751e8b465ee728b)
Start importing Assets/Scenes/Recreation/Lightmap-20_comp_light.exr using Guid(a1fe035eb695abe4b9fc0acc4d43e15d) Importer(815301076,1909f56bfc062723c751e8b465ee728b)  -> (artifact id: 'cd90a316849ebf256dd119ce1ca742c4') in 0.011077 seconds 
========================================================================
Received Import Request.
  Time since last request: 0.000023 seconds.
  path: Assets/Scenes/Recreation/Lightmap-25_comp_light.exr
  artifactKey: Guid(c76df2a657a004c46a653c2d06bb9d3d) Importer(815301076,1909f56bfc062723c751e8b465ee728b)
Start importing Assets/Scenes/Recreation/Lightmap-25_comp_light.exr using Guid(c76df2a657a004c46a653c2d06bb9d3d) Importer(815301076,1909f56bfc062723c751e8b465ee728b)  -> (artifact id: '43c443e3d4f2bd79994e4a891a900028') in 0.011193 seconds 
========================================================================
Received Import Request.
  Time since last request: 0.000038 seconds.
  path: Assets/Scenes/Recreation/Lightmap-22_comp_light.exr
  artifactKey: Guid(a01d39b58d582f64495fa311d8abef87) Importer(815301076,1909f56bfc062723c751e8b465ee728b)
Start importing Assets/Scenes/Recreation/Lightmap-22_comp_light.exr using Guid(a01d39b58d582f64495fa311d8abef87) Importer(815301076,1909f56bfc062723c751e8b465ee728b)  -> (artifact id: '34f67ca5a09f9772c470d89efd90fad9') in 0.012135 seconds 
========================================================================
Received Import Request.
  Time since last request: 0.000030 seconds.
  path: Assets/Scenes/Recreation/Lightmap-11_comp_light.exr
  artifactKey: Guid(92db862d9b2c8064ba52441063412dbd) Importer(815301076,1909f56bfc062723c751e8b465ee728b)
Start importing Assets/Scenes/Recreation/Lightmap-11_comp_light.exr using Guid(92db862d9b2c8064ba52441063412dbd) Importer(815301076,1909f56bfc062723c751e8b465ee728b)  -> (artifact id: '2fc75135a3ccb084becc820e992bedf1') in 0.011917 seconds 
========================================================================
Received Import Request.
  Time since last request: 0.000024 seconds.
  path: Assets/Scenes/Recreation/Lightmap-13_comp_dir.png
  artifactKey: Guid(65bbf3c5cb3e7b7499b6ab13cbc80eae) Importer(815301076,1909f56bfc062723c751e8b465ee728b)
Start importing Assets/Scenes/Recreation/Lightmap-13_comp_dir.png using Guid(65bbf3c5cb3e7b7499b6ab13cbc80eae) Importer(815301076,1909f56bfc062723c751e8b465ee728b)  -> (artifact id: '52c2ca8ce69e18b4c1fda5e837958843') in 0.010825 seconds 
========================================================================
Received Import Request.
  Time since last request: 0.000028 seconds.
  path: Assets/Scenes/Recreation/Lightmap-33_comp_light.exr
  artifactKey: Guid(5a5e9b56da7e9f2459c8842343203524) Importer(815301076,1909f56bfc062723c751e8b465ee728b)
Start importing Assets/Scenes/Recreation/Lightmap-33_comp_light.exr using Guid(5a5e9b56da7e9f2459c8842343203524) Importer(815301076,1909f56bfc062723c751e8b465ee728b)  -> (artifact id: '1bf49ced382bfd6575967b8507f65927') in 0.013402 seconds 
========================================================================
Received Import Request.
  Time since last request: 0.000024 seconds.
  path: Assets/Scenes/Recreation/Lightmap-21_comp_dir.png
  artifactKey: Guid(e3e639448194cc8499fdd492cd71d266) Importer(815301076,1909f56bfc062723c751e8b465ee728b)
Start importing Assets/Scenes/Recreation/Lightmap-21_comp_dir.png using Guid(e3e639448194cc8499fdd492cd71d266) Importer(815301076,1909f56bfc062723c751e8b465ee728b)  -> (artifact id: 'ee81593fdacbbcc5c1350847f9cbfe23') in 0.013931 seconds 
========================================================================
Received Import Request.
  Time since last request: 0.000029 seconds.
  path: Assets/Scenes/Recreation/Lightmap-16_comp_light.exr
  artifactKey: Guid(afcab83b3ce07d3459ba15e9ce75d842) Importer(815301076,1909f56bfc062723c751e8b465ee728b)
Start importing Assets/Scenes/Recreation/Lightmap-16_comp_light.exr using Guid(afcab83b3ce07d3459ba15e9ce75d842) Importer(815301076,1909f56bfc062723c751e8b465ee728b)  -> (artifact id: '5171987c3308cee0c56d007262150457') in 0.012124 seconds 
========================================================================
Received Import Request.
  Time since last request: 0.000028 seconds.
  path: Assets/Scenes/Recreation/Lightmap-7_comp_dir.png
  artifactKey: Guid(b7e96de52a327cd4bb32d71a1cedb4ef) Importer(815301076,1909f56bfc062723c751e8b465ee728b)
Start importing Assets/Scenes/Recreation/Lightmap-7_comp_dir.png using Guid(b7e96de52a327cd4bb32d71a1cedb4ef) Importer(815301076,1909f56bfc062723c751e8b465ee728b)  -> (artifact id: 'ea5c5273071bf121980b3568089156fc') in 0.010564 seconds 
========================================================================
Received Import Request.
  Time since last request: 0.000022 seconds.
  path: Assets/Scenes/Recreation/Lightmap-5_comp_dir.png
  artifactKey: Guid(48fed265f4601fb40bc62011d105b1bd) Importer(815301076,1909f56bfc062723c751e8b465ee728b)
Start importing Assets/Scenes/Recreation/Lightmap-5_comp_dir.png using Guid(48fed265f4601fb40bc62011d105b1bd) Importer(815301076,1909f56bfc062723c751e8b465ee728b)  -> (artifact id: 'f6453c3a3f0d9fcbfc6a5cccb4cb5af0') in 0.010092 seconds 
========================================================================
Received Import Request.
  Time since last request: 0.000022 seconds.
  path: Assets/Scenes/Recreation/Lightmap-15_comp_dir.png
  artifactKey: Guid(ed495158afbfe4449945d2bb120c3ce5) Importer(815301076,1909f56bfc062723c751e8b465ee728b)
Start importing Assets/Scenes/Recreation/Lightmap-15_comp_dir.png using Guid(ed495158afbfe4449945d2bb120c3ce5) Importer(815301076,1909f56bfc062723c751e8b465ee728b)  -> (artifact id: '45c11e512a77c11bba6fc8449886d707') in 0.012687 seconds 
========================================================================
Received Import Request.
  Time since last request: 0.000020 seconds.
  path: Assets/Scenes/Recreation/Lightmap-30_comp_light.exr
  artifactKey: Guid(85dbdb03d2753af438fddc9fc2ee0e21) Importer(815301076,1909f56bfc062723c751e8b465ee728b)
Start importing Assets/Scenes/Recreation/Lightmap-30_comp_light.exr using Guid(85dbdb03d2753af438fddc9fc2ee0e21) Importer(815301076,1909f56bfc062723c751e8b465ee728b)  -> (artifact id: 'c844043df651fc0384bdaf62e882b56b') in 0.011877 seconds 
========================================================================
Received Import Request.
  Time since last request: 0.000025 seconds.
  path: Assets/Scenes/Recreation/Lightmap-27_comp_dir.png
  artifactKey: Guid(98beb637c4b07964a9fd6033a3eeffa4) Importer(815301076,1909f56bfc062723c751e8b465ee728b)
Start importing Assets/Scenes/Recreation/Lightmap-27_comp_dir.png using Guid(98beb637c4b07964a9fd6033a3eeffa4) Importer(815301076,1909f56bfc062723c751e8b465ee728b)  -> (artifact id: 'b6e1dc691e788a94c72b8ae9b5661972') in 0.011703 seconds 
========================================================================
Received Import Request.
  Time since last request: 0.000019 seconds.
  path: Assets/Scenes/Recreation/Lightmap-21_comp_light.exr
  artifactKey: Guid(c36b9ad5dacc44743966b62b664f1cd7) Importer(815301076,1909f56bfc062723c751e8b465ee728b)
Start importing Assets/Scenes/Recreation/Lightmap-21_comp_light.exr using Guid(c36b9ad5dacc44743966b62b664f1cd7) Importer(815301076,1909f56bfc062723c751e8b465ee728b)  -> (artifact id: '5ec5518e104a0ff3b9718763e0b04046') in 0.011207 seconds 
========================================================================
Received Import Request.
  Time since last request: 0.000020 seconds.
  path: Assets/Scenes/Recreation/Lightmap-2_comp_dir.png
  artifactKey: Guid(cf6ac2d0ebc06284c989e4919bbeef7a) Importer(815301076,1909f56bfc062723c751e8b465ee728b)
Start importing Assets/Scenes/Recreation/Lightmap-2_comp_dir.png using Guid(cf6ac2d0ebc06284c989e4919bbeef7a) Importer(815301076,1909f56bfc062723c751e8b465ee728b)  -> (artifact id: '4c37954eaf992421fc57137c1f4dab7d') in 0.010828 seconds 
========================================================================
Received Import Request.
  Time since last request: 0.000030 seconds.
  path: Assets/Scenes/Recreation/Lightmap-16_comp_dir.png
  artifactKey: Guid(7de47e5f0f5a0b5439f5777073d1afc7) Importer(815301076,1909f56bfc062723c751e8b465ee728b)
Start importing Assets/Scenes/Recreation/Lightmap-16_comp_dir.png using Guid(7de47e5f0f5a0b5439f5777073d1afc7) Importer(815301076,1909f56bfc062723c751e8b465ee728b)  -> (artifact id: '356ccf15fdb952665656fdd949f04c4a') in 0.010212 seconds 
========================================================================
Received Import Request.
  Time since last request: 0.000029 seconds.
  path: Assets/Scenes/Recreation/Lightmap-31_comp_light.exr
  artifactKey: Guid(26968794fab52ef478bbfe7cd5220960) Importer(815301076,1909f56bfc062723c751e8b465ee728b)
Start importing Assets/Scenes/Recreation/Lightmap-31_comp_light.exr using Guid(26968794fab52ef478bbfe7cd5220960) Importer(815301076,1909f56bfc062723c751e8b465ee728b)  -> (artifact id: '5658edede8b320c4b6a562c6ab84499c') in 0.011284 seconds 
========================================================================
Received Prepare
Refreshing native plugins compatible for Editor in 7.17 ms, found 2 plugins.
Preloading 0 native plugins for Editor in 0.00 ms.
Unloading 19 Unused Serialized files (Serialized files now loaded: 0)
Unloading 19 unused Assets / (398.8 KB). Loaded Objects now: 4496.
Memory consumption went from 132.1 MB to 131.8 MB.
Total: 4.682200 ms (FindLiveObjects: 0.327200 ms CreateObjectMapping: 0.104100 ms MarkObjects: 3.879200 ms  DeleteObjects: 0.370200 ms)

AssetImportParameters requested are different than current active one (requested -> active):
  custom:video-decoder-ogg-theora: a1e56fd34408186e4bbccfd4996cb3dc -> 
  custom:container-muxer-webm: aa71ff27fc2769a1b78a27578f13a17b -> 
  custom:container-demuxer-webm: 4f35f7cbe854078d1ac9338744f61a02 -> 
  custom:video-encoder-webm-vp8: eb34c28f22e8b96e1ab97ce403110664 -> 
  custom:audio-encoder-webm-vorbis: bf7c407c2cedff20999df2af8eb42d56 -> 
  custom:framework-win-MediaFoundation: 216162199b28c13a410421893ffa2e32 -> 
  custom:container-demuxer-ogg: 62fdf1f143b41e24485cea50d1cbac27 -> 
  custom:video-decoder-webm-vp8: 9c59270c3fd7afecdb556c50c9e8de78 -> 
  custom:audio-decoder-ogg-vorbis: bf7c407c2cedff20999df2af8eb42d56 -> 
Editor requested this worker to shutdown with reason: Scaling down because of idle timeout
AssetImportWorker is now disconnected from the server
Process exiting
Exiting without the bug reporter. Application will terminate with return code 0